{"/Users/sidmason-malik/Coding/Makers/tech_tests/hoover/spec/formatterSpec.js":{"path":"/Users/sidmason-malik/Coding/Makers/tech_tests/hoover/spec/formatterSpec.js","s":{"1":1,"2":1,"3":1,"4":1},"b":{},"f":{"1":1,"2":1},"fnMap":{"1":{"name":"(anonymous_1)","line":5,"loc":{"start":{"line":5,"column":31},"end":{"line":5,"column":42}}},"2":{"name":"(anonymous_2)","line":6,"loc":{"start":{"line":6,"column":33},"end":{"line":6,"column":45}}}},"statementMap":{"1":{"start":{"line":3,"column":0},"end":{"line":3,"column":44}},"2":{"start":{"line":5,"column":0},"end":{"line":10,"column":2}},"3":{"start":{"line":6,"column":4},"end":{"line":9,"column":6}},"4":{"start":{"line":8,"column":8},"end":{"line":8,"column":66}}},"branchMap":{}},"/Users/sidmason-malik/Coding/Makers/tech_tests/hoover/src/formatter.js":{"path":"/Users/sidmason-malik/Coding/Makers/tech_tests/hoover/src/formatter.js","s":{"1":1,"2":1,"3":0,"4":0,"5":0,"6":1,"7":36,"8":72,"9":1,"10":1},"b":{},"f":{"1":0,"2":36},"fnMap":{"1":{"name":"fileReader","line":6,"loc":{"start":{"line":6,"column":0},"end":{"line":6,"column":30}}},"2":{"name":"strToCoordinates","line":12,"loc":{"start":{"line":12,"column":0},"end":{"line":12,"column":34}}}},"statementMap":{"1":{"start":{"line":3,"column":0},"end":{"line":3,"column":22}},"2":{"start":{"line":6,"column":0},"end":{"line":10,"column":1}},"3":{"start":{"line":7,"column":4},"end":{"line":7,"column":52}},"4":{"start":{"line":8,"column":4},"end":{"line":8,"column":52}},"5":{"start":{"line":9,"column":4},"end":{"line":9,"column":20}},"6":{"start":{"line":12,"column":0},"end":{"line":14,"column":1}},"7":{"start":{"line":13,"column":4},"end":{"line":13,"column":48}},"8":{"start":{"line":13,"column":38},"end":{"line":13,"column":47}},"9":{"start":{"line":16,"column":0},"end":{"line":16,"column":38}},"10":{"start":{"line":17,"column":0},"end":{"line":17,"column":50}}},"branchMap":{}},"/Users/sidmason-malik/Coding/Makers/tech_tests/hoover/spec/hooverSpec.js":{"path":"/Users/sidmason-malik/Coding/Makers/tech_tests/hoover/spec/hooverSpec.js","s":{"1":1,"2":1,"3":1,"4":1,"5":1,"6":10,"7":1,"8":1,"9":1,"10":1,"11":1,"12":1,"13":1,"14":1,"15":1,"16":1,"17":1,"18":1,"19":1,"20":1,"21":1,"22":1,"23":1,"24":1,"25":1,"26":1,"27":1,"28":1,"29":1,"30":1,"31":1,"32":1,"33":1,"34":1,"35":1,"36":1,"37":1,"38":1,"39":1,"40":1,"41":1,"42":1,"43":1,"44":1,"45":1,"46":1,"47":1,"48":1,"49":1,"50":1,"51":1,"52":1,"53":1,"54":1,"55":1},"b":{},"f":{"1":1,"2":10,"3":1,"4":1,"5":1,"6":1,"7":1,"8":1,"9":1,"10":1,"11":1,"12":1,"13":1,"14":1,"15":1,"16":1},"fnMap":{"1":{"name":"(anonymous_1)","line":7,"loc":{"start":{"line":7,"column":19},"end":{"line":7,"column":29}}},"2":{"name":"(anonymous_2)","line":10,"loc":{"start":{"line":10,"column":15},"end":{"line":10,"column":25}}},"3":{"name":"(anonymous_3)","line":14,"loc":{"start":{"line":14,"column":32},"end":{"line":14,"column":42}}},"4":{"name":"(anonymous_4)","line":15,"loc":{"start":{"line":15,"column":47},"end":{"line":15,"column":58}}},"5":{"name":"(anonymous_5)","line":20,"loc":{"start":{"line":20,"column":48},"end":{"line":20,"column":59}}},"6":{"name":"(anonymous_6)","line":22,"loc":{"start":{"line":22,"column":26},"end":{"line":22,"column":36}}},"7":{"name":"(anonymous_7)","line":27,"loc":{"start":{"line":27,"column":26},"end":{"line":27,"column":36}}},"8":{"name":"(anonymous_8)","line":32,"loc":{"start":{"line":32,"column":25},"end":{"line":32,"column":35}}},"9":{"name":"(anonymous_9)","line":36,"loc":{"start":{"line":36,"column":25},"end":{"line":36,"column":35}}},"10":{"name":"(anonymous_10)","line":41,"loc":{"start":{"line":41,"column":41},"end":{"line":41,"column":52}}},"11":{"name":"(anonymous_11)","line":43,"loc":{"start":{"line":43,"column":56},"end":{"line":43,"column":67}}},"12":{"name":"(anonymous_12)","line":48,"loc":{"start":{"line":48,"column":55},"end":{"line":48,"column":66}}},"13":{"name":"(anonymous_13)","line":53,"loc":{"start":{"line":53,"column":56},"end":{"line":53,"column":67}}},"14":{"name":"(anonymous_14)","line":58,"loc":{"start":{"line":58,"column":55},"end":{"line":58,"column":66}}},"15":{"name":"(anonymous_15)","line":65,"loc":{"start":{"line":65,"column":40},"end":{"line":65,"column":50}}},"16":{"name":"(anonymous_16)","line":67,"loc":{"start":{"line":67,"column":42},"end":{"line":67,"column":52}}}},"statementMap":{"1":{"start":{"line":3,"column":0},"end":{"line":3,"column":43}},"2":{"start":{"line":5,"column":0},"end":{"line":5,"column":68}},"3":{"start":{"line":7,"column":0},"end":{"line":83,"column":3}},"4":{"start":{"line":8,"column":4},"end":{"line":8,"column":15}},"5":{"start":{"line":10,"column":4},"end":{"line":12,"column":6}},"6":{"start":{"line":11,"column":8},"end":{"line":11,"column":43}},"7":{"start":{"line":14,"column":4},"end":{"line":18,"column":6}},"8":{"start":{"line":15,"column":8},"end":{"line":17,"column":10}},"9":{"start":{"line":16,"column":12},"end":{"line":16,"column":57}},"10":{"start":{"line":20,"column":4},"end":{"line":40,"column":6}},"11":{"start":{"line":22,"column":8},"end":{"line":25,"column":10}},"12":{"start":{"line":23,"column":12},"end":{"line":23,"column":34}},"13":{"start":{"line":24,"column":12},"end":{"line":24,"column":57}},"14":{"start":{"line":27,"column":8},"end":{"line":30,"column":10}},"15":{"start":{"line":28,"column":12},"end":{"line":28,"column":34}},"16":{"start":{"line":29,"column":12},"end":{"line":29,"column":57}},"17":{"start":{"line":32,"column":8},"end":{"line":35,"column":10}},"18":{"start":{"line":33,"column":12},"end":{"line":33,"column":34}},"19":{"start":{"line":34,"column":12},"end":{"line":34,"column":57}},"20":{"start":{"line":36,"column":8},"end":{"line":39,"column":10}},"21":{"start":{"line":37,"column":12},"end":{"line":37,"column":34}},"22":{"start":{"line":38,"column":12},"end":{"line":38,"column":57}},"23":{"start":{"line":41,"column":4},"end":{"line":63,"column":6}},"24":{"start":{"line":42,"column":8},"end":{"line":42,"column":35}},"25":{"start":{"line":43,"column":8},"end":{"line":47,"column":10}},"26":{"start":{"line":44,"column":12},"end":{"line":44,"column":42}},"27":{"start":{"line":45,"column":12},"end":{"line":45,"column":44}},"28":{"start":{"line":46,"column":12},"end":{"line":46,"column":57}},"29":{"start":{"line":48,"column":8},"end":{"line":52,"column":10}},"30":{"start":{"line":49,"column":12},"end":{"line":49,"column":42}},"31":{"start":{"line":50,"column":12},"end":{"line":50,"column":44}},"32":{"start":{"line":51,"column":12},"end":{"line":51,"column":57}},"33":{"start":{"line":53,"column":8},"end":{"line":57,"column":10}},"34":{"start":{"line":54,"column":12},"end":{"line":54,"column":42}},"35":{"start":{"line":55,"column":12},"end":{"line":55,"column":44}},"36":{"start":{"line":56,"column":12},"end":{"line":56,"column":57}},"37":{"start":{"line":58,"column":8},"end":{"line":62,"column":10}},"38":{"start":{"line":59,"column":12},"end":{"line":59,"column":42}},"39":{"start":{"line":60,"column":12},"end":{"line":60,"column":44}},"40":{"start":{"line":61,"column":12},"end":{"line":61,"column":57}},"41":{"start":{"line":65,"column":4},"end":{"line":82,"column":6}},"42":{"start":{"line":66,"column":8},"end":{"line":66,"column":35}},"43":{"start":{"line":67,"column":8},"end":{"line":81,"column":10}},"44":{"start":{"line":68,"column":12},"end":{"line":68,"column":44}},"45":{"start":{"line":69,"column":12},"end":{"line":69,"column":44}},"46":{"start":{"line":70,"column":12},"end":{"line":70,"column":44}},"47":{"start":{"line":71,"column":12},"end":{"line":71,"column":44}},"48":{"start":{"line":72,"column":12},"end":{"line":72,"column":44}},"49":{"start":{"line":73,"column":12},"end":{"line":73,"column":44}},"50":{"start":{"line":74,"column":12},"end":{"line":74,"column":44}},"51":{"start":{"line":75,"column":12},"end":{"line":75,"column":44}},"52":{"start":{"line":76,"column":12},"end":{"line":76,"column":44}},"53":{"start":{"line":77,"column":12},"end":{"line":77,"column":44}},"54":{"start":{"line":78,"column":12},"end":{"line":78,"column":44}},"55":{"start":{"line":79,"column":12},"end":{"line":79,"column":63}}},"branchMap":{}},"/Users/sidmason-malik/Coding/Makers/tech_tests/hoover/src/hoover.js":{"path":"/Users/sidmason-malik/Coding/Makers/tech_tests/hoover/src/hoover.js","s":{"1":1,"2":1,"3":12,"4":12,"5":41,"6":41,"7":41,"8":19,"9":17,"10":17,"11":41,"12":22,"13":20,"14":20,"15":1},"b":{"1":[19,22],"2":[41,30],"3":[17,2],"4":[19,18],"5":[22,19],"6":[41,30],"7":[20,2],"8":[22,21]},"f":{"1":12,"2":41},"fnMap":{"1":{"name":"(anonymous_1)","line":8,"loc":{"start":{"line":8,"column":15},"end":{"line":8,"column":26}}},"2":{"name":"(anonymous_2)","line":13,"loc":{"start":{"line":13,"column":8},"end":{"line":13,"column":35}}}},"statementMap":{"1":{"start":{"line":3,"column":0},"end":{"line":3,"column":39}},"2":{"start":{"line":5,"column":0},"end":{"line":5,"column":44}},"3":{"start":{"line":9,"column":8},"end":{"line":9,"column":71}},"4":{"start":{"line":10,"column":8},"end":{"line":10,"column":53}},"5":{"start":{"line":14,"column":8},"end":{"line":14,"column":45}},"6":{"start":{"line":15,"column":8},"end":{"line":15,"column":45}},"7":{"start":{"line":17,"column":8},"end":{"line":22,"column":9}},"8":{"start":{"line":18,"column":12},"end":{"line":21,"column":13}},"9":{"start":{"line":19,"column":16},"end":{"line":19,"column":71}},"10":{"start":{"line":20,"column":16},"end":{"line":20,"column":59}},"11":{"start":{"line":23,"column":8},"end":{"line":28,"column":9}},"12":{"start":{"line":24,"column":12},"end":{"line":27,"column":13}},"13":{"start":{"line":25,"column":16},"end":{"line":25,"column":71}},"14":{"start":{"line":26,"column":16},"end":{"line":26,"column":59}},"15":{"start":{"line":31,"column":0},"end":{"line":31,"column":24}}},"branchMap":{"1":{"line":17,"type":"if","locations":[{"start":{"line":17,"column":8},"end":{"line":17,"column":8}},{"start":{"line":17,"column":8},"end":{"line":17,"column":8}}]},"2":{"line":17,"type":"binary-expr","locations":[{"start":{"line":17,"column":12},"end":{"line":17,"column":27}},{"start":{"line":17,"column":31},"end":{"line":17,"column":46}}]},"3":{"line":18,"type":"if","locations":[{"start":{"line":18,"column":12},"end":{"line":18,"column":12}},{"start":{"line":18,"column":12},"end":{"line":18,"column":12}}]},"4":{"line":18,"type":"binary-expr","locations":[{"start":{"line":18,"column":16},"end":{"line":18,"column":26}},{"start":{"line":18,"column":30},"end":{"line":18,"column":56}}]},"5":{"line":23,"type":"if","locations":[{"start":{"line":23,"column":8},"end":{"line":23,"column":8}},{"start":{"line":23,"column":8},"end":{"line":23,"column":8}}]},"6":{"line":23,"type":"binary-expr","locations":[{"start":{"line":23,"column":12},"end":{"line":23,"column":27}},{"start":{"line":23,"column":31},"end":{"line":23,"column":46}}]},"7":{"line":24,"type":"if","locations":[{"start":{"line":24,"column":12},"end":{"line":24,"column":12}},{"start":{"line":24,"column":12},"end":{"line":24,"column":12}}]},"8":{"line":24,"type":"binary-expr","locations":[{"start":{"line":24,"column":16},"end":{"line":24,"column":26}},{"start":{"line":24,"column":30},"end":{"line":24,"column":56}}]}}},"/Users/sidmason-malik/Coding/Makers/tech_tests/hoover/spec/jobSpec.js":{"path":"/Users/sidmason-malik/Coding/Makers/tech_tests/hoover/spec/jobSpec.js","s":{"1":1,"2":1,"3":1,"4":1,"5":1,"6":2,"7":1,"8":1,"9":1,"10":1,"11":1,"12":1,"13":1},"b":{},"f":{"1":1,"2":2,"3":1,"4":1,"5":1,"6":1},"fnMap":{"1":{"name":"(anonymous_1)","line":7,"loc":{"start":{"line":7,"column":16},"end":{"line":7,"column":26}}},"2":{"name":"(anonymous_2)","line":10,"loc":{"start":{"line":10,"column":15},"end":{"line":10,"column":25}}},"3":{"name":"(anonymous_3)","line":15,"loc":{"start":{"line":15,"column":38},"end":{"line":15,"column":48}}},"4":{"name":"(anonymous_4)","line":16,"loc":{"start":{"line":16,"column":44},"end":{"line":16,"column":54}}},"5":{"name":"(anonymous_5)","line":20,"loc":{"start":{"line":20,"column":41},"end":{"line":20,"column":51}}},"6":{"name":"(anonymous_6)","line":21,"loc":{"start":{"line":21,"column":48},"end":{"line":21,"column":58}}}},"statementMap":{"1":{"start":{"line":3,"column":0},"end":{"line":3,"column":37}},"2":{"start":{"line":5,"column":0},"end":{"line":5,"column":68}},"3":{"start":{"line":7,"column":0},"end":{"line":27,"column":2}},"4":{"start":{"line":8,"column":4},"end":{"line":8,"column":12}},"5":{"start":{"line":10,"column":4},"end":{"line":13,"column":6}},"6":{"start":{"line":11,"column":8},"end":{"line":11,"column":37}},"7":{"start":{"line":15,"column":4},"end":{"line":19,"column":6}},"8":{"start":{"line":16,"column":8},"end":{"line":18,"column":10}},"9":{"start":{"line":17,"column":12},"end":{"line":17,"column":55}},"10":{"start":{"line":20,"column":4},"end":{"line":25,"column":6}},"11":{"start":{"line":21,"column":8},"end":{"line":24,"column":10}},"12":{"start":{"line":22,"column":12},"end":{"line":22,"column":31}},"13":{"start":{"line":23,"column":12},"end":{"line":23,"column":51}}},"branchMap":{}},"/Users/sidmason-malik/Coding/Makers/tech_tests/hoover/src/job.js":{"path":"/Users/sidmason-malik/Coding/Makers/tech_tests/hoover/src/job.js","s":{"1":1,"2":1,"3":1,"4":2,"5":2,"6":2,"7":2,"8":2,"9":2,"10":22,"11":2,"12":1,"13":1,"14":11,"15":1,"16":3,"17":1,"18":1,"19":0,"20":0,"21":0,"22":1},"b":{"1":[1,2]},"f":{"1":2,"2":2,"3":22,"4":1,"5":3,"6":0},"fnMap":{"1":{"name":"(anonymous_1)","line":8,"loc":{"start":{"line":8,"column":15},"end":{"line":8,"column":26}}},"2":{"name":"(anonymous_2)","line":15,"loc":{"start":{"line":15,"column":17},"end":{"line":15,"column":19}}},"3":{"name":"(anonymous_3)","line":17,"loc":{"start":{"line":17,"column":34},"end":{"line":17,"column":52}}},"4":{"name":"(anonymous_4)","line":23,"loc":{"start":{"line":23,"column":18},"end":{"line":23,"column":20}}},"5":{"name":"(anonymous_5)","line":26,"loc":{"start":{"line":26,"column":38},"end":{"line":26,"column":53}}},"6":{"name":"(anonymous_6)","line":32,"loc":{"start":{"line":32,"column":10},"end":{"line":32,"column":12}}}},"statementMap":{"1":{"start":{"line":3,"column":0},"end":{"line":3,"column":33}},"2":{"start":{"line":4,"column":0},"end":{"line":4,"column":29}},"3":{"start":{"line":5,"column":0},"end":{"line":5,"column":33}},"4":{"start":{"line":9,"column":8},"end":{"line":9,"column":29}},"5":{"start":{"line":10,"column":8},"end":{"line":10,"column":39}},"6":{"start":{"line":11,"column":8},"end":{"line":11,"column":44}},"7":{"start":{"line":12,"column":8},"end":{"line":12,"column":68}},"8":{"start":{"line":16,"column":8},"end":{"line":16,"column":23}},"9":{"start":{"line":17,"column":8},"end":{"line":19,"column":10}},"10":{"start":{"line":18,"column":12},"end":{"line":18,"column":54}},"11":{"start":{"line":20,"column":8},"end":{"line":20,"column":48}},"12":{"start":{"line":24,"column":8},"end":{"line":24,"column":30}},"13":{"start":{"line":25,"column":8},"end":{"line":25,"column":78}},"14":{"start":{"line":25,"column":63},"end":{"line":25,"column":77}},"15":{"start":{"line":26,"column":8},"end":{"line":28,"column":10}},"16":{"start":{"line":27,"column":12},"end":{"line":27,"column":69}},"17":{"start":{"line":27,"column":50},"end":{"line":27,"column":69}},"18":{"start":{"line":29,"column":8},"end":{"line":29,"column":29}},"19":{"start":{"line":33,"column":8},"end":{"line":33,"column":43}},"20":{"start":{"line":34,"column":8},"end":{"line":34,"column":50}},"21":{"start":{"line":35,"column":8},"end":{"line":35,"column":65}},"22":{"start":{"line":38,"column":0},"end":{"line":38,"column":21}}},"branchMap":{"1":{"line":27,"type":"if","locations":[{"start":{"line":27,"column":12},"end":{"line":27,"column":12}},{"start":{"line":27,"column":12},"end":{"line":27,"column":12}}]}}},"/Users/sidmason-malik/Coding/Makers/tech_tests/hoover/src/room.js":{"path":"/Users/sidmason-malik/Coding/Makers/tech_tests/hoover/src/room.js","s":{"1":1,"2":5,"3":5,"4":6,"5":6,"6":18,"7":1},"b":{},"f":{"1":5,"2":6},"fnMap":{"1":{"name":"(anonymous_1)","line":6,"loc":{"start":{"line":6,"column":15},"end":{"line":6,"column":26}}},"2":{"name":"(anonymous_2)","line":11,"loc":{"start":{"line":11,"column":20},"end":{"line":11,"column":31}}}},"statementMap":{"1":{"start":{"line":3,"column":0},"end":{"line":3,"column":39}},"2":{"start":{"line":7,"column":8},"end":{"line":7,"column":60}},"3":{"start":{"line":8,"column":8},"end":{"line":8,"column":59}},"4":{"start":{"line":12,"column":8},"end":{"line":12,"column":46}},"5":{"start":{"line":13,"column":8},"end":{"line":13,"column":81}},"6":{"start":{"line":13,"column":43},"end":{"line":13,"column":80}},"7":{"start":{"line":17,"column":0},"end":{"line":17,"column":22}}},"branchMap":{}},"/Users/sidmason-malik/Coding/Makers/tech_tests/hoover/src/output.js":{"path":"/Users/sidmason-malik/Coding/Makers/tech_tests/hoover/src/output.js","s":{"1":1,"2":1,"3":1},"b":{},"f":{"1":1},"fnMap":{"1":{"name":"printOutput","line":3,"loc":{"start":{"line":3,"column":0},"end":{"line":3,"column":46}}}},"statementMap":{"1":{"start":{"line":3,"column":0},"end":{"line":5,"column":1}},"2":{"start":{"line":4,"column":4},"end":{"line":4,"column":64}},"3":{"start":{"line":7,"column":0},"end":{"line":7,"column":40}}},"branchMap":{}},"/Users/sidmason-malik/Coding/Makers/tech_tests/hoover/spec/outputSpec.js":{"path":"/Users/sidmason-malik/Coding/Makers/tech_tests/hoover/spec/outputSpec.js","s":{"1":1,"2":1,"3":1,"4":1},"b":{},"f":{"1":1,"2":1},"fnMap":{"1":{"name":"(anonymous_1)","line":5,"loc":{"start":{"line":5,"column":28},"end":{"line":5,"column":39}}},"2":{"name":"(anonymous_2)","line":6,"loc":{"start":{"line":6,"column":63},"end":{"line":6,"column":75}}}},"statementMap":{"1":{"start":{"line":3,"column":0},"end":{"line":3,"column":38}},"2":{"start":{"line":5,"column":0},"end":{"line":9,"column":2}},"3":{"start":{"line":6,"column":4},"end":{"line":8,"column":6}},"4":{"start":{"line":7,"column":8},"end":{"line":7,"column":63}}},"branchMap":{}},"/Users/sidmason-malik/Coding/Makers/tech_tests/hoover/spec/roomSpec.js":{"path":"/Users/sidmason-malik/Coding/Makers/tech_tests/hoover/spec/roomSpec.js","s":{"1":1,"2":1,"3":1,"4":1,"5":1,"6":3,"7":1,"8":1,"9":1,"10":1,"11":1,"12":1,"13":1,"14":1},"b":{},"f":{"1":1,"2":3,"3":1,"4":1,"5":1,"6":1,"7":1},"fnMap":{"1":{"name":"(anonymous_1)","line":7,"loc":{"start":{"line":7,"column":17},"end":{"line":7,"column":28}}},"2":{"name":"(anonymous_2)","line":10,"loc":{"start":{"line":10,"column":15},"end":{"line":10,"column":25}}},"3":{"name":"(anonymous_3)","line":14,"loc":{"start":{"line":14,"column":26},"end":{"line":14,"column":38}}},"4":{"name":"(anonymous_4)","line":15,"loc":{"start":{"line":15,"column":29},"end":{"line":15,"column":40}}},"5":{"name":"(anonymous_5)","line":20,"loc":{"start":{"line":20,"column":34},"end":{"line":20,"column":45}}},"6":{"name":"(anonymous_6)","line":21,"loc":{"start":{"line":21,"column":46},"end":{"line":21,"column":57}}},"7":{"name":"(anonymous_7)","line":24,"loc":{"start":{"line":24,"column":52},"end":{"line":24,"column":62}}}},"statementMap":{"1":{"start":{"line":3,"column":0},"end":{"line":3,"column":39}},"2":{"start":{"line":5,"column":0},"end":{"line":5,"column":68}},"3":{"start":{"line":7,"column":0},"end":{"line":28,"column":2}},"4":{"start":{"line":8,"column":4},"end":{"line":8,"column":13}},"5":{"start":{"line":10,"column":4},"end":{"line":12,"column":6}},"6":{"start":{"line":11,"column":8},"end":{"line":11,"column":39}},"7":{"start":{"line":14,"column":4},"end":{"line":18,"column":6}},"8":{"start":{"line":15,"column":8},"end":{"line":17,"column":10}},"9":{"start":{"line":16,"column":12},"end":{"line":16,"column":44}},"10":{"start":{"line":20,"column":4},"end":{"line":27,"column":6}},"11":{"start":{"line":21,"column":8},"end":{"line":23,"column":10}},"12":{"start":{"line":22,"column":12},"end":{"line":22,"column":81}},"13":{"start":{"line":24,"column":8},"end":{"line":26,"column":10}},"14":{"start":{"line":25,"column":12},"end":{"line":25,"column":65}}},"branchMap":{}},"/Users/sidmason-malik/Coding/Makers/tech_tests/hoover/src/index.js":{"path":"/Users/sidmason-malik/Coding/Makers/tech_tests/hoover/src/index.js","s":{"1":0,"2":0,"3":0,"4":0,"5":0,"6":0},"b":{},"f":{},"fnMap":{},"statementMap":{"1":{"start":{"line":3,"column":0},"end":{"line":3,"column":39}},"2":{"start":{"line":4,"column":0},"end":{"line":4,"column":32}},"3":{"start":{"line":6,"column":0},"end":{"line":6,"column":29}},"4":{"start":{"line":8,"column":0},"end":{"line":8,"column":47}},"5":{"start":{"line":10,"column":0},"end":{"line":10,"column":33}},"6":{"start":{"line":11,"column":0},"end":{"line":11,"column":12}}},"branchMap":{}}}