TN:
SF:/Users/sidmason-malik/Coding/Makers/tech_tests/hoover/spec/formatterSpec.js
FN:5,(anonymous_1)
FN:6,(anonymous_2)
FNF:2
FNH:2
FNDA:1,(anonymous_1)
FNDA:1,(anonymous_2)
DA:3,1
DA:5,1
DA:6,1
DA:8,1
LF:4
LH:4
BRF:0
BRH:0
end_of_record
TN:
SF:/Users/sidmason-malik/Coding/Makers/tech_tests/hoover/src/formatter.js
FN:6,fileReader
FN:12,strToCoordinates
FNF:2
FNH:1
FNDA:0,fileReader
FNDA:36,strToCoordinates
DA:3,1
DA:6,1
DA:7,0
DA:8,0
DA:9,0
DA:12,1
DA:13,72
DA:16,1
DA:17,1
LF:9
LH:6
BRF:0
BRH:0
end_of_record
TN:
SF:/Users/sidmason-malik/Coding/Makers/tech_tests/hoover/spec/hooverSpec.js
FN:7,(anonymous_1)
FN:10,(anonymous_2)
FN:14,(anonymous_3)
FN:15,(anonymous_4)
FN:20,(anonymous_5)
FN:22,(anonymous_6)
FN:27,(anonymous_7)
FN:32,(anonymous_8)
FN:36,(anonymous_9)
FN:41,(anonymous_10)
FN:43,(anonymous_11)
FN:48,(anonymous_12)
FN:53,(anonymous_13)
FN:58,(anonymous_14)
FN:65,(anonymous_15)
FN:67,(anonymous_16)
FNF:16
FNH:16
FNDA:1,(anonymous_1)
FNDA:10,(anonymous_2)
FNDA:1,(anonymous_3)
FNDA:1,(anonymous_4)
FNDA:1,(anonymous_5)
FNDA:1,(anonymous_6)
FNDA:1,(anonymous_7)
FNDA:1,(anonymous_8)
FNDA:1,(anonymous_9)
FNDA:1,(anonymous_10)
FNDA:1,(anonymous_11)
FNDA:1,(anonymous_12)
FNDA:1,(anonymous_13)
FNDA:1,(anonymous_14)
FNDA:1,(anonymous_15)
FNDA:1,(anonymous_16)
DA:3,1
DA:5,1
DA:7,1
DA:8,1
DA:10,1
DA:11,10
DA:14,1
DA:15,1
DA:16,1
DA:20,1
DA:22,1
DA:23,1
DA:24,1
DA:27,1
DA:28,1
DA:29,1
DA:32,1
DA:33,1
DA:34,1
DA:36,1
DA:37,1
DA:38,1
DA:41,1
DA:42,1
DA:43,1
DA:44,1
DA:45,1
DA:46,1
DA:48,1
DA:49,1
DA:50,1
DA:51,1
DA:53,1
DA:54,1
DA:55,1
DA:56,1
DA:58,1
DA:59,1
DA:60,1
DA:61,1
DA:65,1
DA:66,1
DA:67,1
DA:68,1
DA:69,1
DA:70,1
DA:71,1
DA:72,1
DA:73,1
DA:74,1
DA:75,1
DA:76,1
DA:77,1
DA:78,1
DA:79,1
LF:55
LH:55
BRF:0
BRH:0
end_of_record
TN:
SF:/Users/sidmason-malik/Coding/Makers/tech_tests/hoover/src/hoover.js
FN:8,(anonymous_1)
FN:13,(anonymous_2)
FNF:2
FNH:2
FNDA:12,(anonymous_1)
FNDA:41,(anonymous_2)
DA:3,1
DA:5,1
DA:9,12
DA:10,12
DA:14,41
DA:15,41
DA:17,41
DA:18,19
DA:19,17
DA:20,17
DA:23,41
DA:24,22
DA:25,20
DA:26,20
DA:31,1
LF:15
LH:15
BRDA:17,1,0,19
BRDA:17,1,1,22
BRDA:17,2,0,41
BRDA:17,2,1,30
BRDA:18,3,0,17
BRDA:18,3,1,2
BRDA:18,4,0,19
BRDA:18,4,1,18
BRDA:23,5,0,22
BRDA:23,5,1,19
BRDA:23,6,0,41
BRDA:23,6,1,30
BRDA:24,7,0,20
BRDA:24,7,1,2
BRDA:24,8,0,22
BRDA:24,8,1,21
BRF:16
BRH:16
end_of_record
TN:
SF:/Users/sidmason-malik/Coding/Makers/tech_tests/hoover/spec/jobSpec.js
FN:7,(anonymous_1)
FN:10,(anonymous_2)
FN:15,(anonymous_3)
FN:16,(anonymous_4)
FN:20,(anonymous_5)
FN:21,(anonymous_6)
FNF:6
FNH:6
FNDA:1,(anonymous_1)
FNDA:2,(anonymous_2)
FNDA:1,(anonymous_3)
FNDA:1,(anonymous_4)
FNDA:1,(anonymous_5)
FNDA:1,(anonymous_6)
DA:3,1
DA:5,1
DA:7,1
DA:8,1
DA:10,1
DA:11,2
DA:15,1
DA:16,1
DA:17,1
DA:20,1
DA:21,1
DA:22,1
DA:23,1
LF:13
LH:13
BRF:0
BRH:0
end_of_record
TN:
SF:/Users/sidmason-malik/Coding/Makers/tech_tests/hoover/src/job.js
FN:8,(anonymous_1)
FN:15,(anonymous_2)
FN:17,(anonymous_3)
FN:23,(anonymous_4)
FN:26,(anonymous_5)
FN:32,(anonymous_6)
FNF:6
FNH:5
FNDA:2,(anonymous_1)
FNDA:2,(anonymous_2)
FNDA:22,(anonymous_3)
FNDA:1,(anonymous_4)
FNDA:3,(anonymous_5)
FNDA:0,(anonymous_6)
DA:3,1
DA:4,1
DA:5,1
DA:9,2
DA:10,2
DA:11,2
DA:12,2
DA:16,2
DA:17,2
DA:18,22
DA:20,2
DA:24,1
DA:25,11
DA:26,1
DA:27,3
DA:29,1
DA:33,0
DA:34,0
DA:35,0
DA:38,1
LF:20
LH:17
BRDA:27,1,0,1
BRDA:27,1,1,2
BRF:2
BRH:2
end_of_record
TN:
SF:/Users/sidmason-malik/Coding/Makers/tech_tests/hoover/src/room.js
FN:6,(anonymous_1)
FN:11,(anonymous_2)
FNF:2
FNH:2
FNDA:5,(anonymous_1)
FNDA:6,(anonymous_2)
DA:3,1
DA:7,5
DA:8,5
DA:12,6
DA:13,18
DA:17,1
LF:6
LH:6
BRF:0
BRH:0
end_of_record
TN:
SF:/Users/sidmason-malik/Coding/Makers/tech_tests/hoover/src/output.js
FN:3,printOutput
FNF:1
FNH:1
FNDA:1,printOutput
DA:3,1
DA:4,1
DA:7,1
LF:3
LH:3
BRF:0
BRH:0
end_of_record
TN:
SF:/Users/sidmason-malik/Coding/Makers/tech_tests/hoover/spec/outputSpec.js
FN:5,(anonymous_1)
FN:6,(anonymous_2)
FNF:2
FNH:2
FNDA:1,(anonymous_1)
FNDA:1,(anonymous_2)
DA:3,1
DA:5,1
DA:6,1
DA:7,1
LF:4
LH:4
BRF:0
BRH:0
end_of_record
TN:
SF:/Users/sidmason-malik/Coding/Makers/tech_tests/hoover/spec/roomSpec.js
FN:7,(anonymous_1)
FN:10,(anonymous_2)
FN:14,(anonymous_3)
FN:15,(anonymous_4)
FN:20,(anonymous_5)
FN:21,(anonymous_6)
FN:24,(anonymous_7)
FNF:7
FNH:7
FNDA:1,(anonymous_1)
FNDA:3,(anonymous_2)
FNDA:1,(anonymous_3)
FNDA:1,(anonymous_4)
FNDA:1,(anonymous_5)
FNDA:1,(anonymous_6)
FNDA:1,(anonymous_7)
DA:3,1
DA:5,1
DA:7,1
DA:8,1
DA:10,1
DA:11,3
DA:14,1
DA:15,1
DA:16,1
DA:20,1
DA:21,1
DA:22,1
DA:24,1
DA:25,1
LF:14
LH:14
BRF:0
BRH:0
end_of_record
TN:
SF:/Users/sidmason-malik/Coding/Makers/tech_tests/hoover/src/index.js
FNF:0
FNH:0
DA:3,0
DA:4,0
DA:6,0
DA:8,0
DA:10,0
DA:11,0
LF:6
LH:0
BRF:0
BRH:0
end_of_record
